# JRE version: OpenJDK Runtime Environment Microsoft-11369865 (17.0.15+6) (build 17.0.15+6-LTS)
# Java VM: OpenJDK 64-Bit Server VM Microsoft-11369865 (17.0.15+6-LTS, mixed mode, sharing, tiered, compressed oops, compressed class ptrs, g1 gc, windows-amd64)
GC Precious Log:
 CPUs: 8 total, 8 available
 Memory: 7934M
 Large Page Support: Disabled
 NUMA Support: Disabled
 Compressed Oops: Enabled (32-bit)
 Heap Region Size: 1M
 Heap Min Capacity: 8M
 Heap Initial Capacity: 124M
 Heap Max Capacity: 1536M
 Pre-touch: Disabled
 Parallel Workers: 8
 Concurrent Workers: 2
 Concurrent Refinement Workers: 8
 Periodic GC: Disabled
Heap:
 garbage-first heap   total 273408K, used 159626K [0x00000000a0000000, 0x0000000100000000)
  region size 1024K, 70 young (71680K), 9 survivors (9216K)
 Metaspace       used 93667K, committed 94464K, reserved 1179648K
  class space    used 13071K, committed 13440K, reserved 1048576K
GC Heap History (20 events):
Event: 6.333 GC heap before
{Heap before GC invocations=20 (full 0):
 garbage-first heap   total 129024K, used 100235K [0x00000000a0000000, 0x0000000100000000)
  region size 1024K, 41 young (41984K), 8 survivors (8192K)
 Metaspace       used 54330K, committed 54976K, reserved 1114112K
  class space    used 7600K, committed 7936K, reserved 1048576K
}
Event: 6.335 GC heap after
{Heap after GC invocations=21 (full 0):
 garbage-first heap   total 129024K, used 70067K [0x00000000a0000000, 0x0000000100000000)
  region size 1024K, 3 young (3072K), 3 survivors (3072K)
 Metaspace       used 54330K, committed 54976K, reserved 1114112K
  class space    used 7600K, committed 7936K, reserved 1048576K
}
Event: 6.367 GC heap before
{Heap before GC invocations=21 (full 0):
 garbage-first heap   total 129024K, used 72115K [0x00000000a0000000, 0x0000000100000000)
  region size 1024K, 6 young (6144K), 3 survivors (3072K)
 Metaspace       used 54558K, committed 55168K, reserved 1114112K
  class space    used 7629K, committed 7936K, reserved 1048576K
}
Event: 6.368 GC heap after
{Heap after GC invocations=22 (full 0):
 garbage-first heap   total 129024K, used 70147K [0x00000000a0000000, 0x0000000100000000)
  region size 1024K, 1 young (1024K), 1 survivors (1024K)
 Metaspace       used 54558K, committed 55168K, reserved 1114112K
  class space    used 7629K, committed 7936K, reserved 1048576K
}
Event: 6.618 GC heap before
{Heap before GC invocations=22 (full 0):
 garbage-first heap   total 129024K, used 100867K [0x00000000a0000000, 0x0000000100000000)
  region size 1024K, 32 young (32768K), 1 survivors (1024K)
 Metaspace       used 57923K, committed 58560K, reserved 1114112K
  class space    used 7933K, committed 8256K, reserved 1048576K
}
Event: 6.619 GC heap after
{Heap after GC invocations=23 (full 0):
 garbage-first heap   total 129024K, used 70653K [0x00000000a0000000, 0x0000000100000000)
  region size 1024K, 1 young (1024K), 1 survivors (1024K)
 Metaspace       used 57923K, committed 58560K, reserved 1114112K
  class space    used 7933K, committed 8256K, reserved 1048576K
}
Event: 7.010 GC heap before
{Heap before GC invocations=24 (full 0):
 garbage-first heap   total 129024K, used 103421K [0x00000000a0000000, 0x0000000100000000)
  region size 1024K, 33 young (33792K), 1 survivors (1024K)
 Metaspace       used 61642K, committed 62272K, reserved 1114112K
  class space    used 8462K, committed 8768K, reserved 1048576K
}
Event: 7.012 GC heap after
{Heap after GC invocations=25 (full 0):
 garbage-first heap   total 129024K, used 72902K [0x00000000a0000000, 0x0000000100000000)
  region size 1024K, 4 young (4096K), 4 survivors (4096K)
 Metaspace       used 61642K, committed 62272K, reserved 1114112K
  class space    used 8462K, committed 8768K, reserved 1048576K
}
Event: 7.015 GC heap before
{Heap before GC invocations=25 (full 0):
 garbage-first heap   total 129024K, used 75974K [0x00000000a0000000, 0x0000000100000000)
  region size 1024K, 6 young (6144K), 4 survivors (4096K)
 Metaspace       used 61642K, committed 62272K, reserved 1114112K
  class space    used 8462K, committed 8768K, reserved 1048576K
}
Event: 7.018 GC heap after
{Heap after GC invocations=26 (full 0):
 garbage-first heap   total 129024K, used 73610K [0x00000000a0000000, 0x0000000100000000)
  region size 1024K, 1 young (1024K), 1 survivors (1024K)
 Metaspace       used 61642K, committed 62272K, reserved 1114112K
  class space    used 8462K, committed 8768K, reserved 1048576K
}
Event: 7.023 GC heap before
{Heap before GC invocations=26 (full 0):
 garbage-first heap   total 129024K, used 75658K [0x00000000a0000000, 0x0000000100000000)
  region size 1024K, 4 young (4096K), 1 survivors (1024K)
 Metaspace       used 61642K, committed 62272K, reserved 1114112K
  class space    used 8462K, committed 8768K, reserved 1048576K
}
Event: 7.025 GC heap after
{Heap after GC invocations=27 (full 0):
 garbage-first heap   total 273408K, used 75457K [0x00000000a0000000, 0x0000000100000000)
  region size 1024K, 3 young (3072K), 3 survivors (3072K)
 Metaspace       used 61642K, committed 62272K, reserved 1114112K
  class space    used 8462K, committed 8768K, reserved 1048576K
}
Event: 7.947 GC heap before
{Heap before GC invocations=27 (full 0):
 garbage-first heap   total 273408K, used 169665K [0x00000000a0000000, 0x0000000100000000)
  region size 1024K, 91 young (93184K), 3 survivors (3072K)
 Metaspace       used 68552K, committed 69248K, reserved 1114112K
  class space    used 9404K, committed 9728K, reserved 1048576K
}
Event: 7.953 GC heap after
{Heap after GC invocations=28 (full 0):
 garbage-first heap   total 273408K, used 79235K [0x00000000a0000000, 0x0000000100000000)
  region size 1024K, 7 young (7168K), 7 survivors (7168K)
 Metaspace       used 68552K, committed 69248K, reserved 1114112K
  class space    used 9404K, committed 9728K, reserved 1048576K
}
Event: 9.027 GC heap before
{Heap before GC invocations=28 (full 0):
 garbage-first heap   total 273408K, used 192899K [0x00000000a0000000, 0x0000000100000000)
  region size 1024K, 115 young (117760K), 7 survivors (7168K)
 Metaspace       used 73784K, committed 74432K, reserved 1114112K
  class space    used 10118K, committed 10432K, reserved 1048576K
}
Event: 9.036 GC heap after
{Heap after GC invocations=29 (full 0):
 garbage-first heap   total 273408K, used 89099K [0x00000000a0000000, 0x0000000100000000)
  region size 1024K, 14 young (14336K), 14 survivors (14336K)
 Metaspace       used 73784K, committed 74432K, reserved 1114112K
  class space    used 10118K, committed 10432K, reserved 1048576K
}
Event: 10.334 GC heap before
{Heap before GC invocations=29 (full 0):
 garbage-first heap   total 273408K, used 194571K [0x00000000a0000000, 0x0000000100000000)
  region size 1024K, 117 young (119808K), 14 survivors (14336K)
 Metaspace       used 81628K, committed 82240K, reserved 1179648K
  class space    used 11351K, committed 11648K, reserved 1048576K
}
Event: 10.345 GC heap after
{Heap after GC invocations=30 (full 0):
 garbage-first heap   total 273408K, used 93194K [0x00000000a0000000, 0x0000000100000000)
  region size 1024K, 11 young (11264K), 11 survivors (11264K)
 Metaspace       used 81628K, committed 82240K, reserved 1179648K
  class space    used 11351K, committed 11648K, reserved 1048576K
}
Event: 11.757 GC heap before
{Heap before GC invocations=30 (full 0):
 garbage-first heap   total 273408K, used 202762K [0x00000000a0000000, 0x0000000100000000)
  region size 1024K, 119 young (121856K), 11 survivors (11264K)
 Metaspace       used 89051K, committed 89728K, reserved 1179648K
  class space    used 12422K, committed 12736K, reserved 1048576K
}
Event: 11.765 GC heap after
{Heap after GC invocations=31 (full 0):
 garbage-first heap   total 273408K, used 98186K [0x00000000a0000000, 0x0000000100000000)
  region size 1024K, 9 young (9216K), 9 survivors (9216K)
 Metaspace       used 89051K, committed 89728K, reserved 1179648K
  class space    used 12422K, committed 12736K, reserved 1048576K
}

