# JRE version: OpenJDK Runtime Environment Microsoft-11369865 (17.0.15+6) (build 17.0.15+6-LTS)
# Java VM: OpenJDK 64-Bit Server VM Microsoft-11369865 (17.0.15+6-LTS, mixed mode, sharing, tiered, compressed oops, compressed class ptrs, g1 gc, windows-amd64)
GC Precious Log:
 CPUs: 8 total, 8 available
 Memory: 7934M
 Large Page Support: Disabled
 NUMA Support: Disabled
 Compressed Oops: Enabled (32-bit)
 Heap Region Size: 1M
 Heap Min Capacity: 8M
 Heap Initial Capacity: 124M
 Heap Max Capacity: 1984M
 Pre-touch: Disabled
 Parallel Workers: 8
 Concurrent Workers: 2
 Concurrent Refinement Workers: 8
 Periodic GC: Disabled
Heap:
 garbage-first heap   total 182272K, used 107913K [0x0000000084000000, 0x0000000100000000)
  region size 1024K, 7 young (7168K), 7 survivors (7168K)
 Metaspace       used 68136K, committed 68544K, reserved 1114112K
  class space    used 7970K, committed 8192K, reserved 1048576K
GC Heap History (20 events):
Event: 7.515 GC heap after
{Heap after GC invocations=31 (full 0):
 garbage-first heap   total 86016K, used 48150K [0x0000000084000000, 0x0000000100000000)
  region size 1024K, 1 young (1024K), 1 survivors (1024K)
 Metaspace       used 61339K, committed 61760K, reserved 1114112K
  class space    used 7255K, committed 7424K, reserved 1048576K
}
Event: 7.604 GC heap before
{Heap before GC invocations=31 (full 0):
 garbage-first heap   total 86016K, used 53270K [0x0000000084000000, 0x0000000100000000)
  region size 1024K, 8 young (8192K), 1 survivors (1024K)
 Metaspace       used 61686K, committed 62016K, reserved 1114112K
  class space    used 7296K, committed 7424K, reserved 1048576K
}
Event: 7.606 GC heap after
{Heap after GC invocations=32 (full 0):
 garbage-first heap   total 86016K, used 48735K [0x0000000084000000, 0x0000000100000000)
  region size 1024K, 2 young (2048K), 2 survivors (2048K)
 Metaspace       used 61686K, committed 62016K, reserved 1114112K
  class space    used 7296K, committed 7424K, reserved 1048576K
}
Event: 7.730 GC heap before
{Heap before GC invocations=33 (full 0):
 garbage-first heap   total 104448K, used 71263K [0x0000000084000000, 0x0000000100000000)
  region size 1024K, 22 young (22528K), 2 survivors (2048K)
 Metaspace       used 61738K, committed 62080K, reserved 1114112K
  class space    used 7296K, committed 7424K, reserved 1048576K
}
Event: 7.733 GC heap after
{Heap after GC invocations=34 (full 0):
 garbage-first heap   total 104448K, used 53528K [0x0000000084000000, 0x0000000100000000)
  region size 1024K, 3 young (3072K), 3 survivors (3072K)
 Metaspace       used 61738K, committed 62080K, reserved 1114112K
  class space    used 7296K, committed 7424K, reserved 1048576K
}
Event: 7.735 GC heap before
{Heap before GC invocations=34 (full 0):
 garbage-first heap   total 104448K, used 55576K [0x0000000084000000, 0x0000000100000000)
  region size 1024K, 5 young (5120K), 3 survivors (3072K)
 Metaspace       used 61738K, committed 62080K, reserved 1114112K
  class space    used 7296K, committed 7424K, reserved 1048576K
}
Event: 7.739 GC heap after
{Heap after GC invocations=35 (full 0):
 garbage-first heap   total 182272K, used 54573K [0x0000000084000000, 0x0000000100000000)
  region size 1024K, 1 young (1024K), 1 survivors (1024K)
 Metaspace       used 61738K, committed 62080K, reserved 1114112K
  class space    used 7296K, committed 7424K, reserved 1048576K
}
Event: 8.438 GC heap before
{Heap before GC invocations=35 (full 0):
 garbage-first heap   total 182272K, used 139565K [0x0000000084000000, 0x0000000100000000)
  region size 1024K, 81 young (82944K), 1 survivors (1024K)
 Metaspace       used 62461K, committed 62848K, reserved 1114112K
  class space    used 7312K, committed 7488K, reserved 1048576K
}
Event: 8.445 GC heap after
{Heap after GC invocations=36 (full 0):
 garbage-first heap   total 182272K, used 62703K [0x0000000084000000, 0x0000000100000000)
  region size 1024K, 9 young (9216K), 9 survivors (9216K)
 Metaspace       used 62461K, committed 62848K, reserved 1114112K
  class space    used 7312K, committed 7488K, reserved 1048576K
}
Event: 9.184 GC heap before
{Heap before GC invocations=36 (full 0):
 garbage-first heap   total 182272K, used 133359K [0x0000000084000000, 0x0000000100000000)
  region size 1024K, 75 young (76800K), 9 survivors (9216K)
 Metaspace       used 63877K, committed 64256K, reserved 1114112K
  class space    used 7480K, committed 7616K, reserved 1048576K
}
Event: 9.194 GC heap after
{Heap after GC invocations=37 (full 0):
 garbage-first heap   total 182272K, used 71802K [0x0000000084000000, 0x0000000100000000)
  region size 1024K, 10 young (10240K), 10 survivors (10240K)
 Metaspace       used 63877K, committed 64256K, reserved 1114112K
  class space    used 7480K, committed 7616K, reserved 1048576K
}
Event: 10.336 GC heap before
{Heap before GC invocations=37 (full 0):
 garbage-first heap   total 182272K, used 136314K [0x0000000084000000, 0x0000000100000000)
  region size 1024K, 71 young (72704K), 10 survivors (10240K)
 Metaspace       used 67992K, committed 68416K, reserved 1114112K
  class space    used 7969K, committed 8192K, reserved 1048576K
}
Event: 10.345 GC heap after
{Heap after GC invocations=38 (full 0):
 garbage-first heap   total 182272K, used 83272K [0x0000000084000000, 0x0000000100000000)
  region size 1024K, 9 young (9216K), 9 survivors (9216K)
 Metaspace       used 67992K, committed 68416K, reserved 1114112K
  class space    used 7969K, committed 8192K, reserved 1048576K
}
Event: 10.606 GC heap before
{Heap before GC invocations=38 (full 0):
 garbage-first heap   total 182272K, used 138568K [0x0000000084000000, 0x0000000100000000)
  region size 1024K, 63 young (64512K), 9 survivors (9216K)
 Metaspace       used 67997K, committed 68416K, reserved 1114112K
  class space    used 7969K, committed 8192K, reserved 1048576K
}
Event: 10.613 GC heap after
{Heap after GC invocations=39 (full 0):
 garbage-first heap   total 182272K, used 88864K [0x0000000084000000, 0x0000000100000000)
  region size 1024K, 6 young (6144K), 6 survivors (6144K)
 Metaspace       used 67997K, committed 68416K, reserved 1114112K
  class space    used 7969K, committed 8192K, reserved 1048576K
}
Event: 11.108 GC heap before
{Heap before GC invocations=39 (full 0):
 garbage-first heap   total 182272K, used 143136K [0x0000000084000000, 0x0000000100000000)
  region size 1024K, 59 young (60416K), 6 survivors (6144K)
 Metaspace       used 68127K, committed 68544K, reserved 1114112K
  class space    used 7969K, committed 8192K, reserved 1048576K
}
Event: 11.117 GC heap after
{Heap after GC invocations=40 (full 0):
 garbage-first heap   total 182272K, used 96517K [0x0000000084000000, 0x0000000100000000)
  region size 1024K, 8 young (8192K), 8 survivors (8192K)
 Metaspace       used 68127K, committed 68544K, reserved 1114112K
  class space    used 7969K, committed 8192K, reserved 1048576K
}
Event: 11.452 GC heap before
{Heap before GC invocations=40 (full 0):
 garbage-first heap   total 182272K, used 144645K [0x0000000084000000, 0x0000000100000000)
  region size 1024K, 55 young (56320K), 8 survivors (8192K)
 Metaspace       used 68130K, committed 68544K, reserved 1114112K
  class space    used 7970K, committed 8192K, reserved 1048576K
}
Event: 11.460 GC heap after
{Heap after GC invocations=41 (full 0):
 garbage-first heap   total 182272K, used 101588K [0x0000000084000000, 0x0000000100000000)
  region size 1024K, 5 young (5120K), 5 survivors (5120K)
 Metaspace       used 68130K, committed 68544K, reserved 1114112K
  class space    used 7970K, committed 8192K, reserved 1048576K
}
Event: 11.582 GC heap before
{Heap before GC invocations=41 (full 0):
 garbage-first heap   total 182272K, used 147668K [0x0000000084000000, 0x0000000100000000)
  region size 1024K, 50 young (51200K), 5 survivors (5120K)
 Metaspace       used 68136K, committed 68544K, reserved 1114112K
  class space    used 7970K, committed 8192K, reserved 1048576K
}

