# JRE version: OpenJDK Runtime Environment Microsoft-11369865 (17.0.15+6) (build 17.0.15+6-LTS)
# Java VM: OpenJDK 64-Bit Server VM Microsoft-11369865 (17.0.15+6-LTS, mixed mode, sharing, tiered, compressed oops, compressed class ptrs, g1 gc, windows-amd64)
GC Precious Log:
 CPUs: 8 total, 8 available
 Memory: 7934M
 Large Page Support: Disabled
 NUMA Support: Disabled
 Compressed Oops: Enabled (32-bit)
 Heap Region Size: 1M
 Heap Min Capacity: 8M
 Heap Initial Capacity: 124M
 Heap Max Capacity: 1536M
 Pre-touch: Disabled
 Parallel Workers: 8
 Concurrent Workers: 2
 Concurrent Refinement Workers: 8
 Periodic GC: Disabled
Heap:
 garbage-first heap   total 148480K, used 79446K [0x00000000a0000000, 0x0000000100000000)
  region size 1024K, 3 young (3072K), 3 survivors (3072K)
 Metaspace       used 66010K, committed 66624K, reserved 1114112K
  class space    used 9046K, committed 9344K, reserved 1048576K
GC Heap History (20 events):
Event: 7.524 GC heap after
{Heap after GC invocations=18 (full 0):
 garbage-first heap   total 129024K, used 47389K [0x00000000a0000000, 0x0000000100000000)
  region size 1024K, 4 young (4096K), 4 survivors (4096K)
 Metaspace       used 51158K, committed 51776K, reserved 1114112K
  class space    used 7192K, committed 7488K, reserved 1048576K
}
Event: 8.012 GC heap before
{Heap before GC invocations=18 (full 0):
 garbage-first heap   total 129024K, used 99613K [0x00000000a0000000, 0x0000000100000000)
  region size 1024K, 45 young (46080K), 4 survivors (4096K)
 Metaspace       used 51843K, committed 52416K, reserved 1114112K
  class space    used 7296K, committed 7552K, reserved 1048576K
}
Event: 8.018 GC heap after
{Heap after GC invocations=19 (full 0):
 garbage-first heap   total 129024K, used 65163K [0x00000000a0000000, 0x0000000100000000)
  region size 1024K, 8 young (8192K), 8 survivors (8192K)
 Metaspace       used 51843K, committed 52416K, reserved 1114112K
  class space    used 7296K, committed 7552K, reserved 1048576K
}
Event: 8.525 GC heap before
{Heap before GC invocations=20 (full 0):
 garbage-first heap   total 129024K, used 101003K [0x00000000a0000000, 0x0000000100000000)
  region size 1024K, 42 young (43008K), 8 survivors (8192K)
 Metaspace       used 54378K, committed 54976K, reserved 1114112K
  class space    used 7610K, committed 7936K, reserved 1048576K
}
Event: 8.529 GC heap after
{Heap after GC invocations=21 (full 0):
 garbage-first heap   total 129024K, used 69615K [0x00000000a0000000, 0x0000000100000000)
  region size 1024K, 3 young (3072K), 3 survivors (3072K)
 Metaspace       used 54378K, committed 54976K, reserved 1114112K
  class space    used 7610K, committed 7936K, reserved 1048576K
}
Event: 8.571 GC heap before
{Heap before GC invocations=21 (full 0):
 garbage-first heap   total 129024K, used 71663K [0x00000000a0000000, 0x0000000100000000)
  region size 1024K, 6 young (6144K), 3 survivors (3072K)
 Metaspace       used 54645K, committed 55296K, reserved 1114112K
  class space    used 7639K, committed 7936K, reserved 1048576K
}
Event: 8.573 GC heap after
{Heap after GC invocations=22 (full 0):
 garbage-first heap   total 129024K, used 69989K [0x00000000a0000000, 0x0000000100000000)
  region size 1024K, 1 young (1024K), 1 survivors (1024K)
 Metaspace       used 54645K, committed 55296K, reserved 1114112K
  class space    used 7639K, committed 7936K, reserved 1048576K
}
Event: 8.970 GC heap before
{Heap before GC invocations=22 (full 0):
 garbage-first heap   total 129024K, used 101733K [0x00000000a0000000, 0x0000000100000000)
  region size 1024K, 33 young (33792K), 1 survivors (1024K)
 Metaspace       used 58106K, committed 58752K, reserved 1114112K
  class space    used 7950K, committed 8256K, reserved 1048576K
}
Event: 8.973 GC heap after
{Heap after GC invocations=23 (full 0):
 garbage-first heap   total 129024K, used 70491K [0x00000000a0000000, 0x0000000100000000)
  region size 1024K, 1 young (1024K), 1 survivors (1024K)
 Metaspace       used 58106K, committed 58752K, reserved 1114112K
  class space    used 7950K, committed 8256K, reserved 1048576K
}
Event: 9.530 GC heap before
{Heap before GC invocations=24 (full 0):
 garbage-first heap   total 129024K, used 105307K [0x00000000a0000000, 0x0000000100000000)
  region size 1024K, 34 young (34816K), 1 survivors (1024K)
 Metaspace       used 61628K, committed 62208K, reserved 1114112K
  class space    used 8463K, committed 8768K, reserved 1048576K
}
Event: 9.534 GC heap after
{Heap after GC invocations=25 (full 0):
 garbage-first heap   total 129024K, used 74786K [0x00000000a0000000, 0x0000000100000000)
  region size 1024K, 5 young (5120K), 5 survivors (5120K)
 Metaspace       used 61628K, committed 62208K, reserved 1114112K
  class space    used 8463K, committed 8768K, reserved 1048576K
}
Event: 9.538 GC heap before
{Heap before GC invocations=25 (full 0):
 garbage-first heap   total 129024K, used 74786K [0x00000000a0000000, 0x0000000100000000)
  region size 1024K, 6 young (6144K), 5 survivors (5120K)
 Metaspace       used 61628K, committed 62208K, reserved 1114112K
  class space    used 8463K, committed 8768K, reserved 1048576K
}
Event: 9.542 GC heap after
{Heap after GC invocations=26 (full 0):
 garbage-first heap   total 129024K, used 75010K [0x00000000a0000000, 0x0000000100000000)
  region size 1024K, 1 young (1024K), 1 survivors (1024K)
 Metaspace       used 61628K, committed 62208K, reserved 1114112K
  class space    used 8463K, committed 8768K, reserved 1048576K
}
Event: 9.544 GC heap before
{Heap before GC invocations=26 (full 0):
 garbage-first heap   total 129024K, used 75010K [0x00000000a0000000, 0x0000000100000000)
  region size 1024K, 2 young (2048K), 1 survivors (1024K)
 Metaspace       used 61628K, committed 62208K, reserved 1114112K
  class space    used 8463K, committed 8768K, reserved 1048576K
}
Event: 9.545 GC heap after
{Heap after GC invocations=27 (full 0):
 garbage-first heap   total 129024K, used 75143K [0x00000000a0000000, 0x0000000100000000)
  region size 1024K, 2 young (2048K), 2 survivors (2048K)
 Metaspace       used 61628K, committed 62208K, reserved 1114112K
  class space    used 8463K, committed 8768K, reserved 1048576K
}
Event: 9.872 GC heap before
{Heap before GC invocations=28 (full 0):
 garbage-first heap   total 148480K, used 103815K [0x00000000a0000000, 0x0000000100000000)
  region size 1024K, 26 young (26624K), 2 survivors (2048K)
 Metaspace       used 62900K, committed 63488K, reserved 1114112K
  class space    used 8639K, committed 8896K, reserved 1048576K
}
Event: 9.874 GC heap after
{Heap after GC invocations=29 (full 0):
 garbage-first heap   total 148480K, used 77940K [0x00000000a0000000, 0x0000000100000000)
  region size 1024K, 2 young (2048K), 2 survivors (2048K)
 Metaspace       used 62900K, committed 63488K, reserved 1114112K
  class space    used 8639K, committed 8896K, reserved 1048576K
}
Event: 9.948 GC heap before
{Heap before GC invocations=29 (full 0):
 garbage-first heap   total 148480K, used 83060K [0x00000000a0000000, 0x0000000100000000)
  region size 1024K, 7 young (7168K), 2 survivors (2048K)
 Metaspace       used 63224K, committed 63872K, reserved 1114112K
  class space    used 8692K, committed 8960K, reserved 1048576K
}
Event: 9.951 GC heap after
{Heap after GC invocations=30 (full 0):
 garbage-first heap   total 148480K, used 77838K [0x00000000a0000000, 0x0000000100000000)
  region size 1024K, 1 young (1024K), 1 survivors (1024K)
 Metaspace       used 63224K, committed 63872K, reserved 1114112K
  class space    used 8692K, committed 8960K, reserved 1048576K
}
Event: 10.457 GC heap before
{Heap before GC invocations=30 (full 0):
 garbage-first heap   total 148480K, used 115726K [0x00000000a0000000, 0x0000000100000000)
  region size 1024K, 38 young (38912K), 1 survivors (1024K)
 Metaspace       used 66010K, committed 66624K, reserved 1114112K
  class space    used 9046K, committed 9344K, reserved 1048576K
}

