# JRE version: OpenJDK Runtime Environment Microsoft-11369865 (17.0.15+6) (build 17.0.15+6-LTS)
# Java VM: OpenJDK 64-Bit Server VM Microsoft-11369865 (17.0.15+6-LTS, mixed mode, sharing, tiered, compressed oops, compressed class ptrs, g1 gc, windows-amd64)
GC Precious Log:
 CPUs: 8 total, 8 available
 Memory: 7934M
 Large Page Support: Disabled
 NUMA Support: Disabled
 Compressed Oops: Enabled (32-bit)
 Heap Region Size: 1M
 Heap Min Capacity: 8M
 Heap Initial Capacity: 124M
 Heap Max Capacity: 1536M
 Pre-touch: Disabled
 Parallel Workers: 8
 Concurrent Workers: 2
 Concurrent Refinement Workers: 8
 Periodic GC: Disabled
Heap:
 garbage-first heap   total 229376K, used 147525K [0x00000000a0000000, 0x0000000100000000)
  region size 1024K, 17 young (17408K), 5 survivors (5120K)
 Metaspace       used 102772K, committed 103680K, reserved 1179648K
  class space    used 14120K, committed 14592K, reserved 1048576K
GC Heap History (20 events):
Event: 19.723 GC heap before
{Heap before GC invocations=34 (full 0):
 garbage-first heap   total 229376K, used 192755K [0x00000000a0000000, 0x0000000100000000)
  region size 1024K, 93 young (95232K), 8 survivors (8192K)
 Metaspace       used 97669K, committed 98496K, reserved 1179648K
  class space    used 13491K, committed 13888K, reserved 1048576K
}
Event: 19.731 GC heap after
{Heap after GC invocations=35 (full 0):
 garbage-first heap   total 229376K, used 109977K [0x00000000a0000000, 0x0000000100000000)
  region size 1024K, 12 young (12288K), 12 survivors (12288K)
 Metaspace       used 97669K, committed 98496K, reserved 1179648K
  class space    used 13491K, committed 13888K, reserved 1048576K
}
Event: 20.834 GC heap before
{Heap before GC invocations=35 (full 0):
 garbage-first heap   total 229376K, used 186777K [0x00000000a0000000, 0x0000000100000000)
  region size 1024K, 87 young (89088K), 12 survivors (12288K)
 Metaspace       used 98179K, committed 99008K, reserved 1179648K
  class space    used 13509K, committed 13888K, reserved 1048576K
}
Event: 20.843 GC heap after
{Heap after GC invocations=36 (full 0):
 garbage-first heap   total 229376K, used 118301K [0x00000000a0000000, 0x0000000100000000)
  region size 1024K, 8 young (8192K), 8 survivors (8192K)
 Metaspace       used 98179K, committed 99008K, reserved 1179648K
  class space    used 13509K, committed 13888K, reserved 1048576K
}
Event: 21.504 GC heap before
{Heap before GC invocations=36 (full 0):
 garbage-first heap   total 229376K, used 186909K [0x00000000a0000000, 0x0000000100000000)
  region size 1024K, 76 young (77824K), 8 survivors (8192K)
 Metaspace       used 98214K, committed 99008K, reserved 1179648K
  class space    used 13509K, committed 13888K, reserved 1048576K
}
Event: 21.509 GC heap after
{Heap after GC invocations=37 (full 0):
 garbage-first heap   total 229376K, used 120971K [0x00000000a0000000, 0x0000000100000000)
  region size 1024K, 5 young (5120K), 5 survivors (5120K)
 Metaspace       used 98214K, committed 99008K, reserved 1179648K
  class space    used 13509K, committed 13888K, reserved 1048576K
}
Event: 21.815 GC heap before
{Heap before GC invocations=37 (full 0):
 garbage-first heap   total 229376K, used 187531K [0x00000000a0000000, 0x0000000100000000)
  region size 1024K, 71 young (72704K), 5 survivors (5120K)
 Metaspace       used 98758K, committed 99648K, reserved 1179648K
  class space    used 13610K, committed 14080K, reserved 1048576K
}
Event: 21.819 GC heap after
{Heap after GC invocations=38 (full 0):
 garbage-first heap   total 229376K, used 123328K [0x00000000a0000000, 0x0000000100000000)
  region size 1024K, 7 young (7168K), 7 survivors (7168K)
 Metaspace       used 98758K, committed 99648K, reserved 1179648K
  class space    used 13610K, committed 14080K, reserved 1048576K
}
Event: 22.011 GC heap before
{Heap before GC invocations=38 (full 0):
 garbage-first heap   total 229376K, used 188864K [0x00000000a0000000, 0x0000000100000000)
  region size 1024K, 72 young (73728K), 7 survivors (7168K)
 Metaspace       used 98851K, committed 99712K, reserved 1179648K
  class space    used 13621K, committed 14080K, reserved 1048576K
}
Event: 22.015 GC heap after
{Heap after GC invocations=39 (full 0):
 garbage-first heap   total 229376K, used 125564K [0x00000000a0000000, 0x0000000100000000)
  region size 1024K, 7 young (7168K), 7 survivors (7168K)
 Metaspace       used 98851K, committed 99712K, reserved 1179648K
  class space    used 13621K, committed 14080K, reserved 1048576K
}
Event: 22.312 GC heap before
{Heap before GC invocations=39 (full 0):
 garbage-first heap   total 229376K, used 190076K [0x00000000a0000000, 0x0000000100000000)
  region size 1024K, 71 young (72704K), 7 survivors (7168K)
 Metaspace       used 99079K, committed 99968K, reserved 1179648K
  class space    used 13643K, committed 14080K, reserved 1048576K
}
Event: 22.316 GC heap after
{Heap after GC invocations=40 (full 0):
 garbage-first heap   total 229376K, used 128192K [0x00000000a0000000, 0x0000000100000000)
  region size 1024K, 7 young (7168K), 7 survivors (7168K)
 Metaspace       used 99079K, committed 99968K, reserved 1179648K
  class space    used 13643K, committed 14080K, reserved 1048576K
}
Event: 22.907 GC heap before
{Heap before GC invocations=40 (full 0):
 garbage-first heap   total 229376K, used 188608K [0x00000000a0000000, 0x0000000100000000)
  region size 1024K, 67 young (68608K), 7 survivors (7168K)
 Metaspace       used 101027K, committed 101952K, reserved 1179648K
  class space    used 13893K, committed 14336K, reserved 1048576K
}
Event: 22.911 GC heap after
{Heap after GC invocations=41 (full 0):
 garbage-first heap   total 229376K, used 131918K [0x00000000a0000000, 0x0000000100000000)
  region size 1024K, 6 young (6144K), 6 survivors (6144K)
 Metaspace       used 101027K, committed 101952K, reserved 1179648K
  class space    used 13893K, committed 14336K, reserved 1048576K
}
Event: 23.174 GC heap before
{Heap before GC invocations=41 (full 0):
 garbage-first heap   total 229376K, used 189262K [0x00000000a0000000, 0x0000000100000000)
  region size 1024K, 63 young (64512K), 6 survivors (6144K)
 Metaspace       used 102620K, committed 103488K, reserved 1179648K
  class space    used 14098K, committed 14528K, reserved 1048576K
}
Event: 23.179 GC heap after
{Heap after GC invocations=42 (full 0):
 garbage-first heap   total 229376K, used 134792K [0x00000000a0000000, 0x0000000100000000)
  region size 1024K, 6 young (6144K), 6 survivors (6144K)
 Metaspace       used 102620K, committed 103488K, reserved 1179648K
  class space    used 14098K, committed 14528K, reserved 1048576K
}
Event: 23.359 GC heap before
{Heap before GC invocations=42 (full 0):
 garbage-first heap   total 229376K, used 188040K [0x00000000a0000000, 0x0000000100000000)
  region size 1024K, 59 young (60416K), 6 survivors (6144K)
 Metaspace       used 102646K, committed 103552K, reserved 1179648K
  class space    used 14100K, committed 14592K, reserved 1048576K
}
Event: 23.365 GC heap after
{Heap after GC invocations=43 (full 0):
 garbage-first heap   total 229376K, used 136501K [0x00000000a0000000, 0x0000000100000000)
  region size 1024K, 4 young (4096K), 4 survivors (4096K)
 Metaspace       used 102646K, committed 103552K, reserved 1179648K
  class space    used 14100K, committed 14592K, reserved 1048576K
}
Event: 23.616 GC heap before
{Heap before GC invocations=43 (full 0):
 garbage-first heap   total 229376K, used 189749K [0x00000000a0000000, 0x0000000100000000)
  region size 1024K, 57 young (58368K), 4 survivors (4096K)
 Metaspace       used 102671K, committed 103552K, reserved 1179648K
  class space    used 14102K, committed 14592K, reserved 1048576K
}
Event: 23.620 GC heap after
{Heap after GC invocations=44 (full 0):
 garbage-first heap   total 229376K, used 137285K [0x00000000a0000000, 0x0000000100000000)
  region size 1024K, 5 young (5120K), 5 survivors (5120K)
 Metaspace       used 102671K, committed 103552K, reserved 1179648K
  class space    used 14102K, committed 14592K, reserved 1048576K
}

