# JRE version: OpenJDK Runtime Environment Microsoft-11369865 (17.0.15+6) (build 17.0.15+6-LTS)
# Java VM: OpenJDK 64-Bit Server VM Microsoft-11369865 (17.0.15+6-LTS, mixed mode, sharing, tiered, compressed oops, compressed class ptrs, g1 gc, windows-amd64)
GC Precious Log:
 CPUs: 8 total, 8 available
 Memory: 7934M
 Large Page Support: Disabled
 NUMA Support: Disabled
 Compressed Oops: Enabled (32-bit)
 Heap Region Size: 1M
 Heap Min Capacity: 8M
 Heap Initial Capacity: 124M
 Heap Max Capacity: 1984M
 Pre-touch: Disabled
 Parallel Workers: 8
 Concurrent Workers: 2
 Concurrent Refinement Workers: 8
 Periodic GC: Disabled
Heap:
 garbage-first heap   total 246784K, used 121654K [0x0000000084000000, 0x0000000100000000)
  region size 1024K, 3 young (3072K), 3 survivors (3072K)
 Metaspace       used 70576K, committed 71232K, reserved 1114112K
  class space    used 8358K, committed 8704K, reserved 1048576K
GC Heap History (20 events):
Event: 7.254 GC heap after
{Heap after GC invocations=25 (full 0):
 garbage-first heap   total 116736K, used 58557K [0x0000000084000000, 0x0000000100000000)
  region size 1024K, 5 young (5120K), 5 survivors (5120K)
 Metaspace       used 62873K, committed 63232K, reserved 1114112K
  class space    used 7458K, committed 7616K, reserved 1048576K
}
Event: 7.421 GC heap before
{Heap before GC invocations=26 (full 0):
 garbage-first heap   total 138240K, used 93373K [0x0000000084000000, 0x0000000100000000)
  region size 1024K, 38 young (38912K), 5 survivors (5120K)
 Metaspace       used 63161K, committed 63552K, reserved 1114112K
  class space    used 7497K, committed 7680K, reserved 1048576K
}
Event: 7.427 GC heap after
{Heap after GC invocations=27 (full 0):
 garbage-first heap   total 138240K, used 60916K [0x0000000084000000, 0x0000000100000000)
  region size 1024K, 3 young (3072K), 3 survivors (3072K)
 Metaspace       used 63161K, committed 63552K, reserved 1114112K
  class space    used 7497K, committed 7680K, reserved 1048576K
}
Event: 8.311 GC heap before
{Heap before GC invocations=27 (full 0):
 garbage-first heap   total 138240K, used 111092K [0x0000000084000000, 0x0000000100000000)
  region size 1024K, 49 young (50176K), 3 survivors (3072K)
 Metaspace       used 66688K, committed 67136K, reserved 1114112K
  class space    used 7979K, committed 8192K, reserved 1048576K
}
Event: 8.317 GC heap after
{Heap after GC invocations=28 (full 0):
 garbage-first heap   total 138240K, used 69184K [0x0000000084000000, 0x0000000100000000)
  region size 1024K, 7 young (7168K), 7 survivors (7168K)
 Metaspace       used 66688K, committed 67136K, reserved 1114112K
  class space    used 7979K, committed 8192K, reserved 1048576K
}
Event: 8.479 GC heap before
{Heap before GC invocations=28 (full 0):
 garbage-first heap   total 138240K, used 106048K [0x0000000084000000, 0x0000000100000000)
  region size 1024K, 44 young (45056K), 7 survivors (7168K)
 Metaspace       used 66998K, committed 67456K, reserved 1114112K
  class space    used 8017K, committed 8256K, reserved 1048576K
}
Event: 8.484 GC heap after
{Heap after GC invocations=29 (full 0):
 garbage-first heap   total 138240K, used 71840K [0x0000000084000000, 0x0000000100000000)
  region size 1024K, 3 young (3072K), 3 survivors (3072K)
 Metaspace       used 66998K, committed 67456K, reserved 1114112K
  class space    used 8017K, committed 8256K, reserved 1048576K
}
Event: 8.639 GC heap before
{Heap before GC invocations=30 (full 0):
 garbage-first heap   total 155648K, used 113824K [0x0000000084000000, 0x0000000100000000)
  region size 1024K, 41 young (41984K), 3 survivors (3072K)
 Metaspace       used 67126K, committed 67584K, reserved 1114112K
  class space    used 8019K, committed 8256K, reserved 1048576K
}
Event: 8.643 GC heap after
{Heap after GC invocations=31 (full 0):
 garbage-first heap   total 155648K, used 76195K [0x0000000084000000, 0x0000000100000000)
  region size 1024K, 6 young (6144K), 6 survivors (6144K)
 Metaspace       used 67126K, committed 67584K, reserved 1114112K
  class space    used 8019K, committed 8256K, reserved 1048576K
}
Event: 8.647 GC heap before
{Heap before GC invocations=31 (full 0):
 garbage-first heap   total 155648K, used 77219K [0x0000000084000000, 0x0000000100000000)
  region size 1024K, 7 young (7168K), 6 survivors (6144K)
 Metaspace       used 67132K, committed 67584K, reserved 1114112K
  class space    used 8019K, committed 8256K, reserved 1048576K
}
Event: 8.652 GC heap after
{Heap after GC invocations=32 (full 0):
 garbage-first heap   total 246784K, used 76901K [0x0000000084000000, 0x0000000100000000)
  region size 1024K, 1 young (1024K), 1 survivors (1024K)
 Metaspace       used 67132K, committed 67584K, reserved 1114112K
  class space    used 8019K, committed 8256K, reserved 1048576K
}
Event: 9.546 GC heap before
{Heap before GC invocations=32 (full 0):
 garbage-first heap   total 246784K, used 190565K [0x0000000084000000, 0x0000000100000000)
  region size 1024K, 105 young (107520K), 1 survivors (1024K)
 Metaspace       used 69619K, committed 70208K, reserved 1114112K
  class space    used 8323K, committed 8640K, reserved 1048576K
}
Event: 9.555 GC heap after
{Heap after GC invocations=33 (full 0):
 garbage-first heap   total 246784K, used 92674K [0x0000000084000000, 0x0000000100000000)
  region size 1024K, 14 young (14336K), 14 survivors (14336K)
 Metaspace       used 69619K, committed 70208K, reserved 1114112K
  class space    used 8323K, committed 8640K, reserved 1048576K
}
Event: 10.011 GC heap before
{Heap before GC invocations=33 (full 0):
 garbage-first heap   total 246784K, used 182786K [0x0000000084000000, 0x0000000100000000)
  region size 1024K, 99 young (101376K), 14 survivors (14336K)
 Metaspace       used 70167K, committed 70848K, reserved 1114112K
  class space    used 8357K, committed 8704K, reserved 1048576K
}
Event: 10.022 GC heap after
{Heap after GC invocations=34 (full 0):
 garbage-first heap   total 246784K, used 99637K [0x0000000084000000, 0x0000000100000000)
  region size 1024K, 9 young (9216K), 9 survivors (9216K)
 Metaspace       used 70167K, committed 70848K, reserved 1114112K
  class space    used 8357K, committed 8704K, reserved 1048576K
}
Event: 10.384 GC heap before
{Heap before GC invocations=34 (full 0):
 garbage-first heap   total 246784K, used 189749K [0x0000000084000000, 0x0000000100000000)
  region size 1024K, 92 young (94208K), 9 survivors (9216K)
 Metaspace       used 70334K, committed 70976K, reserved 1114112K
  class space    used 8357K, committed 8704K, reserved 1048576K
}
Event: 10.393 GC heap after
{Heap after GC invocations=35 (full 0):
 garbage-first heap   total 246784K, used 111843K [0x0000000084000000, 0x0000000100000000)
  region size 1024K, 12 young (12288K), 12 survivors (12288K)
 Metaspace       used 70334K, committed 70976K, reserved 1114112K
  class space    used 8357K, committed 8704K, reserved 1048576K
}
Event: 10.633 GC heap before
{Heap before GC invocations=35 (full 0):
 garbage-first heap   total 246784K, used 191715K [0x0000000084000000, 0x0000000100000000)
  region size 1024K, 87 young (89088K), 12 survivors (12288K)
 Metaspace       used 70505K, committed 71168K, reserved 1114112K
  class space    used 8358K, committed 8704K, reserved 1048576K
}
Event: 10.643 GC heap after
{Heap after GC invocations=36 (full 0):
 garbage-first heap   total 246784K, used 119682K [0x0000000084000000, 0x0000000100000000)
  region size 1024K, 9 young (9216K), 9 survivors (9216K)
 Metaspace       used 70505K, committed 71168K, reserved 1114112K
  class space    used 8358K, committed 8704K, reserved 1048576K
}
Event: 10.750 GC heap before
{Heap before GC invocations=36 (full 0):
 garbage-first heap   total 246784K, used 136066K [0x0000000084000000, 0x0000000100000000)
  region size 1024K, 26 young (26624K), 9 survivors (9216K)
 Metaspace       used 70576K, committed 71232K, reserved 1114112K
  class space    used 8358K, committed 8704K, reserved 1048576K
}

