# JRE version: OpenJDK Runtime Environment Microsoft-11369865 (17.0.15+6) (build 17.0.15+6-LTS)
# Java VM: OpenJDK 64-Bit Server VM Microsoft-11369865 (17.0.15+6-LTS, mixed mode, sharing, tiered, compressed oops, compressed class ptrs, g1 gc, windows-amd64)
GC Precious Log:
 CPUs: 8 total, 8 available
 Memory: 7934M
 Large Page Support: Disabled
 NUMA Support: Disabled
 Compressed Oops: Enabled (32-bit)
 Heap Region Size: 1M
 Heap Min Capacity: 8M
 Heap Initial Capacity: 124M
 Heap Max Capacity: 1984M
 Pre-touch: Disabled
 Parallel Workers: 8
 Concurrent Workers: 2
 Concurrent Refinement Workers: 8
 Periodic GC: Disabled
Heap:
 garbage-first heap   total 285696K, used 132518K [0x0000000084000000, 0x0000000100000000)
  region size 1024K, 9 young (9216K), 9 survivors (9216K)
 Metaspace       used 71283K, committed 71936K, reserved 1114112K
  class space    used 8417K, committed 8768K, reserved 1048576K
GC Heap History (20 events):
Event: 10.266 GC heap after
{Heap after GC invocations=34 (full 0):
 garbage-first heap   total 114688K, used 62451K [0x0000000084000000, 0x0000000100000000)
  region size 1024K, 4 young (4096K), 4 survivors (4096K)
 Metaspace       used 64981K, committed 65408K, reserved 1114112K
  class space    used 7748K, committed 7936K, reserved 1048576K
}
Event: 11.797 GC heap before
{Heap before GC invocations=35 (full 0):
 garbage-first heap   total 114688K, used 92147K [0x0000000084000000, 0x0000000100000000)
  region size 1024K, 32 young (32768K), 4 survivors (4096K)
 Metaspace       used 66711K, committed 67136K, reserved 1114112K
  class space    used 7984K, committed 8192K, reserved 1048576K
}
Event: 11.804 GC heap after
{Heap after GC invocations=36 (full 0):
 garbage-first heap   total 114688K, used 67508K [0x0000000084000000, 0x0000000100000000)
  region size 1024K, 4 young (4096K), 4 survivors (4096K)
 Metaspace       used 66711K, committed 67136K, reserved 1114112K
  class space    used 7984K, committed 8192K, reserved 1048576K
}
Event: 11.842 GC heap before
{Heap before GC invocations=36 (full 0):
 garbage-first heap   total 114688K, used 68532K [0x0000000084000000, 0x0000000100000000)
  region size 1024K, 5 young (5120K), 4 survivors (4096K)
 Metaspace       used 66735K, committed 67136K, reserved 1114112K
  class space    used 7984K, committed 8192K, reserved 1048576K
}
Event: 11.847 GC heap after
{Heap after GC invocations=37 (full 0):
 garbage-first heap   total 114688K, used 68199K [0x0000000084000000, 0x0000000100000000)
  region size 1024K, 1 young (1024K), 1 survivors (1024K)
 Metaspace       used 66735K, committed 67136K, reserved 1114112K
  class space    used 7984K, committed 8192K, reserved 1048576K
}
Event: 11.987 GC heap before
{Heap before GC invocations=37 (full 0):
 garbage-first heap   total 114688K, used 92775K [0x0000000084000000, 0x0000000100000000)
  region size 1024K, 24 young (24576K), 1 survivors (1024K)
 Metaspace       used 66751K, committed 67200K, reserved 1114112K
  class space    used 7984K, committed 8192K, reserved 1048576K
}
Event: 11.992 GC heap after
{Heap after GC invocations=38 (full 0):
 garbage-first heap   total 284672K, used 68968K [0x0000000084000000, 0x0000000100000000)
  region size 1024K, 2 young (2048K), 2 survivors (2048K)
 Metaspace       used 66751K, committed 67200K, reserved 1114112K
  class space    used 7984K, committed 8192K, reserved 1048576K
}
Event: 13.911 GC heap before
{Heap before GC invocations=39 (full 0):
 garbage-first heap   total 235520K, used 217448K [0x0000000084000000, 0x0000000100000000)
  region size 1024K, 138 young (141312K), 2 survivors (2048K)
 Metaspace       used 69075K, committed 69504K, reserved 1114112K
  class space    used 8238K, committed 8448K, reserved 1048576K
}
Event: 13.922 GC heap after
{Heap after GC invocations=40 (full 0):
 garbage-first heap   total 237568K, used 88079K [0x0000000084000000, 0x0000000100000000)
  region size 1024K, 18 young (18432K), 18 survivors (18432K)
 Metaspace       used 69075K, committed 69504K, reserved 1114112K
  class space    used 8238K, committed 8448K, reserved 1048576K
}
Event: 13.924 GC heap before
{Heap before GC invocations=40 (full 0):
 garbage-first heap   total 237568K, used 89103K [0x0000000084000000, 0x0000000100000000)
  region size 1024K, 19 young (19456K), 18 survivors (18432K)
 Metaspace       used 69077K, committed 69504K, reserved 1114112K
  class space    used 8238K, committed 8448K, reserved 1048576K
}
Event: 13.934 GC heap after
{Heap after GC invocations=41 (full 0):
 garbage-first heap   total 237568K, used 89411K [0x0000000084000000, 0x0000000100000000)
  region size 1024K, 2 young (2048K), 2 survivors (2048K)
 Metaspace       used 69077K, committed 69504K, reserved 1114112K
  class space    used 8238K, committed 8448K, reserved 1048576K
}
Event: 14.437 GC heap before
{Heap before GC invocations=41 (full 0):
 garbage-first heap   total 237568K, used 171331K [0x0000000084000000, 0x0000000100000000)
  region size 1024K, 78 young (79872K), 2 survivors (2048K)
 Metaspace       used 70163K, committed 70784K, reserved 1114112K
  class space    used 8363K, committed 8704K, reserved 1048576K
}
Event: 14.444 GC heap after
{Heap after GC invocations=42 (full 0):
 garbage-first heap   total 237568K, used 97936K [0x0000000084000000, 0x0000000100000000)
  region size 1024K, 10 young (10240K), 10 survivors (10240K)
 Metaspace       used 70163K, committed 70784K, reserved 1114112K
  class space    used 8363K, committed 8704K, reserved 1048576K
}
Event: 14.762 GC heap before
{Heap before GC invocations=42 (full 0):
 garbage-first heap   total 237568K, used 176784K [0x0000000084000000, 0x0000000100000000)
  region size 1024K, 84 young (86016K), 10 survivors (10240K)
 Metaspace       used 70292K, committed 70912K, reserved 1114112K
  class space    used 8363K, committed 8704K, reserved 1048576K
}
Event: 14.773 GC heap after
{Heap after GC invocations=43 (full 0):
 garbage-first heap   total 237568K, used 105625K [0x0000000084000000, 0x0000000100000000)
  region size 1024K, 8 young (8192K), 8 survivors (8192K)
 Metaspace       used 70292K, committed 70912K, reserved 1114112K
  class space    used 8363K, committed 8704K, reserved 1048576K
}
Event: 15.123 GC heap before
{Heap before GC invocations=43 (full 0):
 garbage-first heap   total 237568K, used 182425K [0x0000000084000000, 0x0000000100000000)
  region size 1024K, 81 young (82944K), 8 survivors (8192K)
 Metaspace       used 70502K, committed 71104K, reserved 1114112K
  class space    used 8363K, committed 8704K, reserved 1048576K
}
Event: 15.131 GC heap after
{Heap after GC invocations=44 (full 0):
 garbage-first heap   total 237568K, used 113917K [0x0000000084000000, 0x0000000100000000)
  region size 1024K, 9 young (9216K), 9 survivors (9216K)
 Metaspace       used 70502K, committed 71104K, reserved 1114112K
  class space    used 8363K, committed 8704K, reserved 1048576K
}
Event: 15.425 GC heap before
{Heap before GC invocations=44 (full 0):
 garbage-first heap   total 237568K, used 189693K [0x0000000084000000, 0x0000000100000000)
  region size 1024K, 78 young (79872K), 9 survivors (9216K)
 Metaspace       used 70614K, committed 71232K, reserved 1114112K
  class space    used 8363K, committed 8704K, reserved 1048576K
}
Event: 15.435 GC heap after
{Heap after GC invocations=45 (full 0):
 garbage-first heap   total 237568K, used 123623K [0x0000000084000000, 0x0000000100000000)
  region size 1024K, 10 young (10240K), 10 survivors (10240K)
 Metaspace       used 70614K, committed 71232K, reserved 1114112K
  class space    used 8363K, committed 8704K, reserved 1048576K
}
Event: 15.912 GC heap before
{Heap before GC invocations=45 (full 0):
 garbage-first heap   total 237568K, used 190183K [0x0000000084000000, 0x0000000100000000)
  region size 1024K, 72 young (73728K), 10 survivors (10240K)
 Metaspace       used 71283K, committed 71936K, reserved 1114112K
  class space    used 8417K, committed 8768K, reserved 1048576K
}

