# JRE version: OpenJDK Runtime Environment Microsoft-11369865 (17.0.15+6) (build 17.0.15+6-LTS)
# Java VM: OpenJDK 64-Bit Server VM Microsoft-11369865 (17.0.15+6-LTS, mixed mode, sharing, tiered, compressed oops, compressed class ptrs, g1 gc, windows-amd64)
GC Precious Log:
 CPUs: 8 total, 8 available
 Memory: 7934M
 Large Page Support: Disabled
 NUMA Support: Disabled
 Compressed Oops: Enabled (32-bit)
 Heap Region Size: 1M
 Heap Min Capacity: 8M
 Heap Initial Capacity: 124M
 Heap Max Capacity: 1984M
 Pre-touch: Disabled
 Parallel Workers: 8
 Concurrent Workers: 2
 Concurrent Refinement Workers: 8
 Periodic GC: Disabled
Heap:
 garbage-first heap   total 302080K, used 148982K [0x0000000084000000, 0x0000000100000000)
  region size 1024K, 2 young (2048K), 2 survivors (2048K)
 Metaspace       used 71426K, committed 72064K, reserved 1114112K
  class space    used 8413K, committed 8768K, reserved 1048576K
GC Heap History (20 events):
Event: 12.839 GC heap after
{Heap after GC invocations=41 (full 0):
 garbage-first heap   total 229376K, used 84631K [0x0000000084000000, 0x0000000100000000)
  region size 1024K, 7 young (7168K), 7 survivors (7168K)
 Metaspace       used 68906K, committed 69376K, reserved 1114112K
  class space    used 8227K, committed 8448K, reserved 1048576K
}
Event: 13.209 GC heap before
{Heap before GC invocations=41 (full 0):
 garbage-first heap   total 229376K, used 162455K [0x0000000084000000, 0x0000000100000000)
  region size 1024K, 80 young (81920K), 7 survivors (7168K)
 Metaspace       used 69824K, committed 70400K, reserved 1114112K
  class space    used 8332K, committed 8640K, reserved 1048576K
}
Event: 13.217 GC heap after
{Heap after GC invocations=42 (full 0):
 garbage-first heap   total 229376K, used 92597K [0x0000000084000000, 0x0000000100000000)
  region size 1024K, 9 young (9216K), 9 survivors (9216K)
 Metaspace       used 69824K, committed 70400K, reserved 1114112K
  class space    used 8332K, committed 8640K, reserved 1048576K
}
Event: 13.534 GC heap before
{Heap before GC invocations=42 (full 0):
 garbage-first heap   total 229376K, used 178613K [0x0000000084000000, 0x0000000100000000)
  region size 1024K, 89 young (91136K), 9 survivors (9216K)
 Metaspace       used 70148K, committed 70784K, reserved 1114112K
  class space    used 8357K, committed 8704K, reserved 1048576K
}
Event: 13.545 GC heap after
{Heap after GC invocations=43 (full 0):
 garbage-first heap   total 229376K, used 103152K [0x0000000084000000, 0x0000000100000000)
  region size 1024K, 11 young (11264K), 11 survivors (11264K)
 Metaspace       used 70148K, committed 70784K, reserved 1114112K
  class space    used 8357K, committed 8704K, reserved 1048576K
}
Event: 13.819 GC heap before
{Heap before GC invocations=43 (full 0):
 garbage-first heap   total 229376K, used 179952K [0x0000000084000000, 0x0000000100000000)
  region size 1024K, 82 young (83968K), 11 survivors (11264K)
 Metaspace       used 70260K, committed 70848K, reserved 1114112K
  class space    used 8357K, committed 8704K, reserved 1048576K
}
Event: 13.829 GC heap after
{Heap after GC invocations=44 (full 0):
 garbage-first heap   total 229376K, used 111583K [0x0000000084000000, 0x0000000100000000)
  region size 1024K, 9 young (9216K), 9 survivors (9216K)
 Metaspace       used 70260K, committed 70848K, reserved 1114112K
  class space    used 8357K, committed 8704K, reserved 1048576K
}
Event: 13.957 GC heap before
{Heap before GC invocations=44 (full 0):
 garbage-first heap   total 229376K, used 139231K [0x0000000084000000, 0x0000000100000000)
  region size 1024K, 37 young (37888K), 9 survivors (9216K)
 Metaspace       used 70369K, committed 70976K, reserved 1114112K
  class space    used 8357K, committed 8704K, reserved 1048576K
}
Event: 13.964 GC heap after
{Heap after GC invocations=45 (full 0):
 garbage-first heap   total 275456K, used 114291K [0x0000000084000000, 0x0000000100000000)
  region size 1024K, 4 young (4096K), 4 survivors (4096K)
 Metaspace       used 70369K, committed 70976K, reserved 1114112K
  class space    used 8357K, committed 8704K, reserved 1048576K
}
Event: 14.465 GC heap before
{Heap before GC invocations=45 (full 0):
 garbage-first heap   total 275456K, used 218739K [0x0000000084000000, 0x0000000100000000)
  region size 1024K, 101 young (103424K), 4 survivors (4096K)
 Metaspace       used 70971K, committed 71616K, reserved 1114112K
  class space    used 8397K, committed 8704K, reserved 1048576K
}
Event: 14.473 GC heap after
{Heap after GC invocations=46 (full 0):
 garbage-first heap   total 275456K, used 125500K [0x0000000084000000, 0x0000000100000000)
  region size 1024K, 13 young (13312K), 13 survivors (13312K)
 Metaspace       used 70971K, committed 71616K, reserved 1114112K
  class space    used 8397K, committed 8704K, reserved 1048576K
}
Event: 14.956 GC heap before
{Heap before GC invocations=46 (full 0):
 garbage-first heap   total 275456K, used 221756K [0x0000000084000000, 0x0000000100000000)
  region size 1024K, 100 young (102400K), 13 survivors (13312K)
 Metaspace       used 71310K, committed 71936K, reserved 1114112K
  class space    used 8413K, committed 8768K, reserved 1048576K
}
Event: 14.971 GC heap after
{Heap after GC invocations=47 (full 0):
 garbage-first heap   total 275456K, used 140573K [0x0000000084000000, 0x0000000100000000)
  region size 1024K, 13 young (13312K), 13 survivors (13312K)
 Metaspace       used 71310K, committed 71936K, reserved 1114112K
  class space    used 8413K, committed 8768K, reserved 1048576K
}
Event: 15.012 GC heap before
{Heap before GC invocations=47 (full 0):
 garbage-first heap   total 275456K, used 150813K [0x0000000084000000, 0x0000000100000000)
  region size 1024K, 24 young (24576K), 13 survivors (13312K)
 Metaspace       used 71311K, committed 71936K, reserved 1114112K
  class space    used 8413K, committed 8768K, reserved 1048576K
}
Event: 15.021 GC heap after
{Heap after GC invocations=48 (full 0):
 garbage-first heap   total 275456K, used 141618K [0x0000000084000000, 0x0000000100000000)
  region size 1024K, 4 young (4096K), 4 survivors (4096K)
 Metaspace       used 71311K, committed 71936K, reserved 1114112K
  class space    used 8413K, committed 8768K, reserved 1048576K
}
Event: 15.380 GC heap before
{Heap before GC invocations=49 (full 0):
 garbage-first heap   total 302080K, used 215346K [0x0000000084000000, 0x0000000100000000)
  region size 1024K, 72 young (73728K), 4 survivors (4096K)
 Metaspace       used 71347K, committed 72000K, reserved 1114112K
  class space    used 8413K, committed 8768K, reserved 1048576K
}
Event: 15.386 GC heap after
{Heap after GC invocations=50 (full 0):
 garbage-first heap   total 302080K, used 148480K [0x0000000084000000, 0x0000000100000000)
  region size 1024K, 9 young (9216K), 9 survivors (9216K)
 Metaspace       used 71347K, committed 72000K, reserved 1114112K
  class space    used 8413K, committed 8768K, reserved 1048576K
}
Event: 15.399 GC heap before
{Heap before GC invocations=50 (full 0):
 garbage-first heap   total 302080K, used 153600K [0x0000000084000000, 0x0000000100000000)
  region size 1024K, 14 young (14336K), 9 survivors (9216K)
 Metaspace       used 71347K, committed 72000K, reserved 1114112K
  class space    used 8413K, committed 8768K, reserved 1048576K
}
Event: 15.406 GC heap after
{Heap after GC invocations=51 (full 0):
 garbage-first heap   total 302080K, used 148308K [0x0000000084000000, 0x0000000100000000)
  region size 1024K, 2 young (2048K), 2 survivors (2048K)
 Metaspace       used 71347K, committed 72000K, reserved 1114112K
  class space    used 8413K, committed 8768K, reserved 1048576K
}
Event: 15.537 GC heap before
{Heap before GC invocations=51 (full 0):
 garbage-first heap   total 302080K, used 154452K [0x0000000084000000, 0x0000000100000000)
  region size 1024K, 9 young (9216K), 2 survivors (2048K)
 Metaspace       used 71426K, committed 72064K, reserved 1114112K
  class space    used 8413K, committed 8768K, reserved 1048576K
}

