# JRE version: OpenJDK Runtime Environment Microsoft-11369865 (17.0.15+6) (build 17.0.15+6-LTS)
# Java VM: OpenJDK 64-Bit Server VM Microsoft-11369865 (17.0.15+6-LTS, mixed mode, sharing, tiered, compressed oops, compressed class ptrs, g1 gc, windows-amd64)
GC Precious Log:
 CPUs: 8 total, 8 available
 Memory: 7934M
 Large Page Support: Disabled
 NUMA Support: Disabled
 Compressed Oops: Enabled (32-bit)
 Heap Region Size: 1M
 Heap Min Capacity: 8M
 Heap Initial Capacity: 124M
 Heap Max Capacity: 1984M
 Pre-touch: Disabled
 Parallel Workers: 8
 Concurrent Workers: 2
 Concurrent Refinement Workers: 8
 Periodic GC: Disabled
Heap:
 garbage-first heap   total 197632K, used 97966K [0x0000000084000000, 0x0000000100000000)
  region size 1024K, 8 young (8192K), 8 survivors (8192K)
 Metaspace       used 70152K, committed 70848K, reserved 1114112K
  class space    used 8356K, committed 8704K, reserved 1048576K
GC Heap History (20 events):
Event: 9.061 GC heap after
{Heap after GC invocations=32 (full 0):
 garbage-first heap   total 92160K, used 43588K [0x0000000084000000, 0x0000000100000000)
  region size 1024K, 1 young (1024K), 1 survivors (1024K)
 Metaspace       used 55653K, committed 56000K, reserved 1114112K
  class space    used 6635K, committed 6784K, reserved 1048576K
}
Event: 10.193 GC heap before
{Heap before GC invocations=33 (full 0):
 garbage-first heap   total 92160K, used 74308K [0x0000000084000000, 0x0000000100000000)
  region size 1024K, 29 young (29696K), 1 survivors (1024K)
 Metaspace       used 61595K, committed 61952K, reserved 1114112K
  class space    used 7288K, committed 7424K, reserved 1048576K
}
Event: 10.197 GC heap after
{Heap after GC invocations=34 (full 0):
 garbage-first heap   total 92160K, used 48632K [0x0000000084000000, 0x0000000100000000)
  region size 1024K, 4 young (4096K), 4 survivors (4096K)
 Metaspace       used 61595K, committed 61952K, reserved 1114112K
  class space    used 7288K, committed 7424K, reserved 1048576K
}
Event: 10.207 GC heap before
{Heap before GC invocations=34 (full 0):
 garbage-first heap   total 92160K, used 49656K [0x0000000084000000, 0x0000000100000000)
  region size 1024K, 5 young (5120K), 4 survivors (4096K)
 Metaspace       used 61598K, committed 61952K, reserved 1114112K
  class space    used 7288K, committed 7424K, reserved 1048576K
}
Event: 10.210 GC heap after
{Heap after GC invocations=35 (full 0):
 garbage-first heap   total 92160K, used 48885K [0x0000000084000000, 0x0000000100000000)
  region size 1024K, 1 young (1024K), 1 survivors (1024K)
 Metaspace       used 61598K, committed 61952K, reserved 1114112K
  class space    used 7288K, committed 7424K, reserved 1048576K
}
Event: 10.328 GC heap before
{Heap before GC invocations=35 (full 0):
 garbage-first heap   total 92160K, used 65269K [0x0000000084000000, 0x0000000100000000)
  region size 1024K, 16 young (16384K), 1 survivors (1024K)
 Metaspace       used 61772K, committed 62144K, reserved 1114112K
  class space    used 7301K, committed 7424K, reserved 1048576K
}
Event: 10.332 GC heap after
{Heap after GC invocations=36 (full 0):
 garbage-first heap   total 92160K, used 51417K [0x0000000084000000, 0x0000000100000000)
  region size 1024K, 4 young (4096K), 4 survivors (4096K)
 Metaspace       used 61772K, committed 62144K, reserved 1114112K
  class space    used 7301K, committed 7424K, reserved 1048576K
}
Event: 10.399 GC heap before
{Heap before GC invocations=36 (full 0):
 garbage-first heap   total 92160K, used 72921K [0x0000000084000000, 0x0000000100000000)
  region size 1024K, 25 young (25600K), 4 survivors (4096K)
 Metaspace       used 61802K, committed 62144K, reserved 1114112K
  class space    used 7301K, committed 7424K, reserved 1048576K
}
Event: 10.402 GC heap after
{Heap after GC invocations=37 (full 0):
 garbage-first heap   total 197632K, used 52491K [0x0000000084000000, 0x0000000100000000)
  region size 1024K, 2 young (2048K), 2 survivors (2048K)
 Metaspace       used 61802K, committed 62144K, reserved 1114112K
  class space    used 7301K, committed 7424K, reserved 1048576K
}
Event: 11.654 GC heap before
{Heap before GC invocations=37 (full 0):
 garbage-first heap   total 197632K, used 143627K [0x0000000084000000, 0x0000000100000000)
  region size 1024K, 88 young (90112K), 2 survivors (2048K)
 Metaspace       used 66178K, committed 66560K, reserved 1114112K
  class space    used 7911K, committed 8064K, reserved 1048576K
}
Event: 11.664 GC heap after
{Heap after GC invocations=38 (full 0):
 garbage-first heap   total 197632K, used 62791K [0x0000000084000000, 0x0000000100000000)
  region size 1024K, 11 young (11264K), 11 survivors (11264K)
 Metaspace       used 66178K, committed 66560K, reserved 1114112K
  class space    used 7911K, committed 8064K, reserved 1048576K
}
Event: 12.231 GC heap before
{Heap before GC invocations=38 (full 0):
 garbage-first heap   total 197632K, used 145735K [0x0000000084000000, 0x0000000100000000)
  region size 1024K, 86 young (88064K), 11 survivors (11264K)
 Metaspace       used 67119K, committed 67584K, reserved 1114112K
  class space    used 8016K, committed 8256K, reserved 1048576K
}
Event: 12.242 GC heap after
{Heap after GC invocations=39 (full 0):
 garbage-first heap   total 197632K, used 74713K [0x0000000084000000, 0x0000000100000000)
  region size 1024K, 11 young (11264K), 11 survivors (11264K)
 Metaspace       used 67119K, committed 67584K, reserved 1114112K
  class space    used 8016K, committed 8256K, reserved 1048576K
}
Event: 12.827 GC heap before
{Heap before GC invocations=39 (full 0):
 garbage-first heap   total 197632K, used 149465K [0x0000000084000000, 0x0000000100000000)
  region size 1024K, 80 young (81920K), 11 survivors (11264K)
 Metaspace       used 69001K, committed 69440K, reserved 1114112K
  class space    used 8226K, committed 8448K, reserved 1048576K
}
Event: 12.836 GC heap after
{Heap after GC invocations=40 (full 0):
 garbage-first heap   total 197632K, used 83200K [0x0000000084000000, 0x0000000100000000)
  region size 1024K, 10 young (10240K), 10 survivors (10240K)
 Metaspace       used 69001K, committed 69440K, reserved 1114112K
  class space    used 8226K, committed 8448K, reserved 1048576K
}
Event: 13.358 GC heap before
{Heap before GC invocations=41 (full 0):
 garbage-first heap   total 197632K, used 152832K [0x0000000084000000, 0x0000000100000000)
  region size 1024K, 75 young (76800K), 10 survivors (10240K)
 Metaspace       used 69612K, committed 70208K, reserved 1114112K
  class space    used 8322K, committed 8640K, reserved 1048576K
}
Event: 13.369 GC heap after
{Heap after GC invocations=42 (full 0):
 garbage-first heap   total 197632K, used 90615K [0x0000000084000000, 0x0000000100000000)
  region size 1024K, 8 young (8192K), 8 survivors (8192K)
 Metaspace       used 69612K, committed 70208K, reserved 1114112K
  class space    used 8322K, committed 8640K, reserved 1048576K
}
Event: 13.372 GC heap before
{Heap before GC invocations=42 (full 0):
 garbage-first heap   total 197632K, used 91639K [0x0000000084000000, 0x0000000100000000)
  region size 1024K, 9 young (9216K), 8 survivors (8192K)
 Metaspace       used 69612K, committed 70208K, reserved 1114112K
  class space    used 8322K, committed 8640K, reserved 1048576K
}
Event: 13.381 GC heap after
{Heap after GC invocations=43 (full 0):
 garbage-first heap   total 197632K, used 91136K [0x0000000084000000, 0x0000000100000000)
  region size 1024K, 1 young (1024K), 1 survivors (1024K)
 Metaspace       used 69612K, committed 70208K, reserved 1114112K
  class space    used 8322K, committed 8640K, reserved 1048576K
}
Event: 13.888 GC heap before
{Heap before GC invocations=43 (full 0):
 garbage-first heap   total 197632K, used 156672K [0x0000000084000000, 0x0000000100000000)
  region size 1024K, 62 young (63488K), 1 survivors (1024K)
 Metaspace       used 70152K, committed 70848K, reserved 1114112K
  class space    used 8356K, committed 8704K, reserved 1048576K
}

