# JRE version: OpenJDK Runtime Environment Microsoft-11369865 (17.0.15+6) (build 17.0.15+6-LTS)
# Java VM: OpenJDK 64-Bit Server VM Microsoft-11369865 (17.0.15+6-LTS, mixed mode, sharing, tiered, compressed oops, compressed class ptrs, g1 gc, windows-amd64)
GC Precious Log:
 CPUs: 8 total, 8 available
 Memory: 7934M
 Large Page Support: Disabled
 NUMA Support: Disabled
 Compressed Oops: Enabled (32-bit)
 Heap Region Size: 1M
 Heap Min Capacity: 8M
 Heap Initial Capacity: 124M
 Heap Max Capacity: 1536M
 Pre-touch: Disabled
 Parallel Workers: 8
 Concurrent Workers: 2
 Concurrent Refinement Workers: 8
 Periodic GC: Disabled
Heap:
 garbage-first heap   total 135168K, used 110494K [0x00000000a0000000, 0x0000000100000000)
  region size 1024K, 31 young (31744K), 3 survivors (3072K)
 Metaspace       used 72229K, committed 72896K, reserved 1114112K
  class space    used 9918K, committed 10240K, reserved 1048576K
GC Heap History (20 events):
Event: 19.754 GC heap before
{Heap before GC invocations=28 (full 0):
 garbage-first heap   total 129024K, used 94391K [0x00000000a0000000, 0x0000000100000000)
  region size 1024K, 26 young (26624K), 1 survivors (1024K)
 Metaspace       used 54890K, committed 55552K, reserved 1114112K
  class space    used 7654K, committed 8000K, reserved 1048576K
}
Event: 19.757 GC heap after
{Heap after GC invocations=29 (full 0):
 garbage-first heap   total 129024K, used 71002K [0x00000000a0000000, 0x0000000100000000)
  region size 1024K, 2 young (2048K), 2 survivors (2048K)
 Metaspace       used 54890K, committed 55552K, reserved 1114112K
  class space    used 7654K, committed 8000K, reserved 1048576K
}
Event: 19.840 GC heap before
{Heap before GC invocations=29 (full 0):
 garbage-first heap   total 129024K, used 75098K [0x00000000a0000000, 0x0000000100000000)
  region size 1024K, 6 young (6144K), 2 survivors (2048K)
 Metaspace       used 55462K, committed 56128K, reserved 1114112K
  class space    used 7697K, committed 8000K, reserved 1048576K
}
Event: 19.844 GC heap after
{Heap after GC invocations=30 (full 0):
 garbage-first heap   total 129024K, used 70057K [0x00000000a0000000, 0x0000000100000000)
  region size 1024K, 1 young (1024K), 1 survivors (1024K)
 Metaspace       used 55462K, committed 56128K, reserved 1114112K
  class space    used 7697K, committed 8000K, reserved 1048576K
}
Event: 20.600 GC heap before
{Heap before GC invocations=30 (full 0):
 garbage-first heap   total 129024K, used 95657K [0x00000000a0000000, 0x0000000100000000)
  region size 1024K, 27 young (27648K), 1 survivors (1024K)
 Metaspace       used 58143K, committed 58752K, reserved 1114112K
  class space    used 7953K, committed 8256K, reserved 1048576K
}
Event: 20.602 GC heap after
{Heap after GC invocations=31 (full 0):
 garbage-first heap   total 129024K, used 70792K [0x00000000a0000000, 0x0000000100000000)
  region size 1024K, 1 young (1024K), 1 survivors (1024K)
 Metaspace       used 58143K, committed 58752K, reserved 1114112K
  class space    used 7953K, committed 8256K, reserved 1048576K
}
Event: 21.154 GC heap before
{Heap before GC invocations=32 (full 0):
 garbage-first heap   total 129024K, used 99464K [0x00000000a0000000, 0x0000000100000000)
  region size 1024K, 29 young (29696K), 1 survivors (1024K)
 Metaspace       used 61142K, committed 61760K, reserved 1114112K
  class space    used 8406K, committed 8704K, reserved 1048576K
}
Event: 21.159 GC heap after
{Heap after GC invocations=33 (full 0):
 garbage-first heap   total 129024K, used 72890K [0x00000000a0000000, 0x0000000100000000)
  region size 1024K, 3 young (3072K), 3 survivors (3072K)
 Metaspace       used 61142K, committed 61760K, reserved 1114112K
  class space    used 8406K, committed 8704K, reserved 1048576K
}
Event: 21.243 GC heap before
{Heap before GC invocations=33 (full 0):
 garbage-first heap   total 129024K, used 76986K [0x00000000a0000000, 0x0000000100000000)
  region size 1024K, 6 young (6144K), 3 survivors (3072K)
 Metaspace       used 61691K, committed 62336K, reserved 1114112K
  class space    used 8462K, committed 8768K, reserved 1048576K
}
Event: 21.247 GC heap after
{Heap after GC invocations=34 (full 0):
 garbage-first heap   total 129024K, used 73213K [0x00000000a0000000, 0x0000000100000000)
  region size 1024K, 1 young (1024K), 1 survivors (1024K)
 Metaspace       used 61691K, committed 62336K, reserved 1114112K
  class space    used 8462K, committed 8768K, reserved 1048576K
}
Event: 21.636 GC heap before
{Heap before GC invocations=34 (full 0):
 garbage-first heap   total 129024K, used 105981K [0x00000000a0000000, 0x0000000100000000)
  region size 1024K, 29 young (29696K), 1 survivors (1024K)
 Metaspace       used 63034K, committed 63680K, reserved 1114112K
  class space    used 8645K, committed 8960K, reserved 1048576K
}
Event: 21.639 GC heap after
{Heap after GC invocations=35 (full 0):
 garbage-first heap   total 129024K, used 76275K [0x00000000a0000000, 0x0000000100000000)
  region size 1024K, 4 young (4096K), 4 survivors (4096K)
 Metaspace       used 63034K, committed 63680K, reserved 1114112K
  class space    used 8645K, committed 8960K, reserved 1048576K
}
Event: 22.087 GC heap before
{Heap before GC invocations=36 (full 0):
 garbage-first heap   total 135168K, used 102899K [0x00000000a0000000, 0x0000000100000000)
  region size 1024K, 30 young (30720K), 4 survivors (4096K)
 Metaspace       used 64807K, committed 65472K, reserved 1114112K
  class space    used 8886K, committed 9216K, reserved 1048576K
}
Event: 22.091 GC heap after
{Heap after GC invocations=37 (full 0):
 garbage-first heap   total 135168K, used 77796K [0x00000000a0000000, 0x0000000100000000)
  region size 1024K, 2 young (2048K), 2 survivors (2048K)
 Metaspace       used 64807K, committed 65472K, reserved 1114112K
  class space    used 8886K, committed 9216K, reserved 1048576K
}
Event: 22.149 GC heap before
{Heap before GC invocations=37 (full 0):
 garbage-first heap   total 135168K, used 80868K [0x00000000a0000000, 0x0000000100000000)
  region size 1024K, 6 young (6144K), 2 survivors (2048K)
 Metaspace       used 65111K, committed 65728K, reserved 1114112K
  class space    used 8912K, committed 9216K, reserved 1048576K
}
Event: 22.152 GC heap after
{Heap after GC invocations=38 (full 0):
 garbage-first heap   total 135168K, used 77492K [0x00000000a0000000, 0x0000000100000000)
  region size 1024K, 1 young (1024K), 1 survivors (1024K)
 Metaspace       used 65111K, committed 65728K, reserved 1114112K
  class space    used 8912K, committed 9216K, reserved 1048576K
}
Event: 22.832 GC heap before
{Heap before GC invocations=38 (full 0):
 garbage-first heap   total 135168K, used 107188K [0x00000000a0000000, 0x0000000100000000)
  region size 1024K, 30 young (30720K), 1 survivors (1024K)
 Metaspace       used 68291K, committed 68864K, reserved 1114112K
  class space    used 9335K, committed 9600K, reserved 1048576K
}
Event: 22.835 GC heap after
{Heap after GC invocations=39 (full 0):
 garbage-first heap   total 135168K, used 78641K [0x00000000a0000000, 0x0000000100000000)
  region size 1024K, 2 young (2048K), 2 survivors (2048K)
 Metaspace       used 68291K, committed 68864K, reserved 1114112K
  class space    used 9335K, committed 9600K, reserved 1048576K
}
Event: 23.423 GC heap before
{Heap before GC invocations=39 (full 0):
 garbage-first heap   total 135168K, used 109361K [0x00000000a0000000, 0x0000000100000000)
  region size 1024K, 32 young (32768K), 2 survivors (2048K)
 Metaspace       used 70504K, committed 71104K, reserved 1114112K
  class space    used 9659K, committed 9984K, reserved 1048576K
}
Event: 23.426 GC heap after
{Heap after GC invocations=40 (full 0):
 garbage-first heap   total 135168K, used 79774K [0x00000000a0000000, 0x0000000100000000)
  region size 1024K, 3 young (3072K), 3 survivors (3072K)
 Metaspace       used 70504K, committed 71104K, reserved 1114112K
  class space    used 9659K, committed 9984K, reserved 1048576K
}

